{"uid":"b2036374c48c507f","name":"Add two numbers","fullName":"Add two numbers","historyId":"Add two numbers","time":{"start":1690822501357,"stop":1690822501359,"duration":2},"status":"failed","statusMessage":"Exception has been thrown by the target of an invocation. -> unknown error: Chrome failed to start: exited abnormally.\n  (unknown error: DevToolsActivePort file doesn't exist)\n  (The process started from chrome location /usr/bin/google-chrome is no longer running, so ChromeDriver is assuming that Chrome has crashed.)","statusTrace":"System.Reflection.TargetInvocationException: Exception has been thrown by the target of an invocation.\n ---> OpenQA.Selenium.WebDriverException: unknown error: Chrome failed to start: exited abnormally.\n  (unknown error: DevToolsActivePort file doesn't exist)\n  (The process started from chrome location /usr/bin/google-chrome is no longer running, so ChromeDriver is assuming that Chrome has crashed.)\n   at OpenQA.Selenium.WebDriver.UnpackAndThrowOnError(Response errorResponse, String commandToExecute)\n   at OpenQA.Selenium.WebDriver.Execute(String driverCommandToExecute, Dictionary`2 parameters)\n   at OpenQA.Selenium.WebDriver.StartSession(ICapabilities desiredCapabilities)\n   at OpenQA.Selenium.WebDriver..ctor(ICommandExecutor executor, ICapabilities capabilities)\n   at OpenQA.Selenium.Chromium.ChromiumDriver..ctor(ChromiumDriverService service, ChromiumOptions options, TimeSpan commandTimeout)\n   at OpenQA.Selenium.Chrome.ChromeDriver..ctor(ChromeDriverService service, ChromeOptions options, TimeSpan commandTimeout)\n   at OpenQA.Selenium.Chrome.ChromeDriver..ctor(ChromeDriverService service, ChromeOptions options)\n   at LP.Core.Drivers.BrowserDriver.CreateWebDriver() in /home/runner/work/testLP/testLP/src/LP.Core/Drivers/BrowserDriver.cs:line 58\n   at System.Lazy`1.ViaFactory(LazyThreadSafetyMode mode)\n--- End of stack trace from previous location ---\n   at System.Lazy`1.CreateValue()\n   at LP.Core.Drivers.BrowserDriver.get_Current() in /home/runner/work/testLP/testLP/src/LP.Core/Drivers/BrowserDriver.cs:line 27\n   at LP.Tests.Steps.CalculatorStepDefinitions..ctor(BrowserDriver browserDriver) in /home/runner/work/testLP/testLP/src/LP.Tests/Steps/CalculatorStepDefinitions.cs:line 20\n   at InvokeStub_CalculatorStepDefinitions..ctor(Object, Object, IntPtr*)\n   at System.Reflection.ConstructorInvoker.Invoke(Object obj, IntPtr* args, BindingFlags invokeAttr)\n   --- End of inner exception stack trace ---\n   at System.Reflection.ConstructorInvoker.Invoke(Object obj, IntPtr* args, BindingFlags invokeAttr)\n   at System.Reflection.RuntimeConstructorInfo.Invoke(BindingFlags invokeAttr, Binder binder, Object[] parameters, CultureInfo culture)\n   at BoDi.ObjectContainer.CreateObject(Type type, ResolutionList resolutionPath, RegistrationKey keyToResolve)\n   at BoDi.ObjectContainer.TypeRegistration.<>c__DisplayClass3_0.<ResolvePerContext>b__1()\n   at BoDi.ObjectContainer.RegistrationWithStrategy.ExecuteWithLock(Object lockObject, Func`1 getter, Func`1 factory, ResolutionList resolutionPath)\n   at BoDi.ObjectContainer.TypeRegistration.ResolvePerContext(ObjectContainer container, RegistrationKey keyToResolve, ResolutionList resolutionPath)\n   at BoDi.ObjectContainer.RegistrationWithStrategy.Resolve(ObjectContainer container, RegistrationKey keyToResolve, ResolutionList resolutionPath)\n   at BoDi.ObjectContainer.ResolveObject(RegistrationKey keyToResolve, ResolutionList resolutionPath)\n   at BoDi.ObjectContainer.Resolve(Type typeToResolve, ResolutionList resolutionPath, String name)\n   at BoDi.ObjectContainer.Resolve(Type typeToResolve, String name)\n   at TechTalk.SpecFlow.Infrastructure.TestObjectResolver.ResolveBindingInstance(Type bindingType, IObjectContainer container)\n   at lambda_method31(Closure, IContextManager, Int32)\n   at InvokeStub_Action`2.Invoke(Object, Object, IntPtr*)\n   at System.Reflection.MethodInvoker.Invoke(Object obj, IntPtr* args, BindingFlags invokeAttr)\n   at TechTalk.SpecFlow.Bindings.BindingInvoker.InvokeBinding(IBinding binding, IContextManager contextManager, Object[] arguments, ITestTracer testTracer, TimeSpan& duration)\n   at Allure.SpecFlowPlugin.AllureBindingInvoker.InvokeBinding(IBinding binding, IContextManager contextManager, Object[] arguments, ITestTracer testTracer, TimeSpan& duration)\n   at TechTalk.SpecFlow.Infrastructure.TestExecutionEngine.ExecuteStepMatch(BindingMatch match, Object[] arguments, TimeSpan& duration)\n   at TechTalk.SpecFlow.Infrastructure.TestExecutionEngine.ExecuteStep(IContextManager contextManager, StepInstance stepInstance)","flaky":true,"newFailed":false,"newBroken":false,"newPassed":false,"retriesCount":1,"retriesStatusChange":false,"beforeStages":[{"name":"SetupStuffForFeatures [10000]","time":{"start":1690822501356,"stop":1690822501356,"duration":0},"status":"passed","steps":[],"attachments":[],"parameters":[],"stepsCount":0,"attachmentsCount":0,"shouldDisplayMessage":false,"hasContent":false},{"name":"SetupTestUsers [10000]","time":{"start":1690822501357,"stop":1690822501357,"duration":0},"status":"passed","steps":[],"attachments":[],"parameters":[],"stepsCount":0,"attachmentsCount":0,"shouldDisplayMessage":false,"hasContent":false},{"name":"SetupTestUsers [10000]","time":{"start":1690822501357,"stop":1690822501357,"duration":0},"status":"passed","steps":[],"attachments":[],"parameters":[],"stepsCount":0,"attachmentsCount":0,"shouldDisplayMessage":false,"hasContent":false}],"testStage":{"status":"failed","statusMessage":"Exception has been thrown by the target of an invocation. -> unknown error: Chrome failed to start: exited abnormally.\n  (unknown error: DevToolsActivePort file doesn't exist)\n  (The process started from chrome location /usr/bin/google-chrome is no longer running, so ChromeDriver is assuming that Chrome has crashed.)","statusTrace":"System.Reflection.TargetInvocationException: Exception has been thrown by the target of an invocation.\n ---> OpenQA.Selenium.WebDriverException: unknown error: Chrome failed to start: exited abnormally.\n  (unknown error: DevToolsActivePort file doesn't exist)\n  (The process started from chrome location /usr/bin/google-chrome is no longer running, so ChromeDriver is assuming that Chrome has crashed.)\n   at OpenQA.Selenium.WebDriver.UnpackAndThrowOnError(Response errorResponse, String commandToExecute)\n   at OpenQA.Selenium.WebDriver.Execute(String driverCommandToExecute, Dictionary`2 parameters)\n   at OpenQA.Selenium.WebDriver.StartSession(ICapabilities desiredCapabilities)\n   at OpenQA.Selenium.WebDriver..ctor(ICommandExecutor executor, ICapabilities capabilities)\n   at OpenQA.Selenium.Chromium.ChromiumDriver..ctor(ChromiumDriverService service, ChromiumOptions options, TimeSpan commandTimeout)\n   at OpenQA.Selenium.Chrome.ChromeDriver..ctor(ChromeDriverService service, ChromeOptions options, TimeSpan commandTimeout)\n   at OpenQA.Selenium.Chrome.ChromeDriver..ctor(ChromeDriverService service, ChromeOptions options)\n   at LP.Core.Drivers.BrowserDriver.CreateWebDriver() in /home/runner/work/testLP/testLP/src/LP.Core/Drivers/BrowserDriver.cs:line 58\n   at System.Lazy`1.ViaFactory(LazyThreadSafetyMode mode)\n--- End of stack trace from previous location ---\n   at System.Lazy`1.CreateValue()\n   at LP.Core.Drivers.BrowserDriver.get_Current() in /home/runner/work/testLP/testLP/src/LP.Core/Drivers/BrowserDriver.cs:line 27\n   at LP.Tests.Steps.CalculatorStepDefinitions..ctor(BrowserDriver browserDriver) in /home/runner/work/testLP/testLP/src/LP.Tests/Steps/CalculatorStepDefinitions.cs:line 20\n   at InvokeStub_CalculatorStepDefinitions..ctor(Object, Object, IntPtr*)\n   at System.Reflection.ConstructorInvoker.Invoke(Object obj, IntPtr* args, BindingFlags invokeAttr)\n   --- End of inner exception stack trace ---\n   at System.Reflection.ConstructorInvoker.Invoke(Object obj, IntPtr* args, BindingFlags invokeAttr)\n   at System.Reflection.RuntimeConstructorInfo.Invoke(BindingFlags invokeAttr, Binder binder, Object[] parameters, CultureInfo culture)\n   at BoDi.ObjectContainer.CreateObject(Type type, ResolutionList resolutionPath, RegistrationKey keyToResolve)\n   at BoDi.ObjectContainer.TypeRegistration.<>c__DisplayClass3_0.<ResolvePerContext>b__1()\n   at BoDi.ObjectContainer.RegistrationWithStrategy.ExecuteWithLock(Object lockObject, Func`1 getter, Func`1 factory, ResolutionList resolutionPath)\n   at BoDi.ObjectContainer.TypeRegistration.ResolvePerContext(ObjectContainer container, RegistrationKey keyToResolve, ResolutionList resolutionPath)\n   at BoDi.ObjectContainer.RegistrationWithStrategy.Resolve(ObjectContainer container, RegistrationKey keyToResolve, ResolutionList resolutionPath)\n   at BoDi.ObjectContainer.ResolveObject(RegistrationKey keyToResolve, ResolutionList resolutionPath)\n   at BoDi.ObjectContainer.Resolve(Type typeToResolve, ResolutionList resolutionPath, String name)\n   at BoDi.ObjectContainer.Resolve(Type typeToResolve, String name)\n   at TechTalk.SpecFlow.Infrastructure.TestObjectResolver.ResolveBindingInstance(Type bindingType, IObjectContainer container)\n   at lambda_method31(Closure, IContextManager, Int32)\n   at InvokeStub_Action`2.Invoke(Object, Object, IntPtr*)\n   at System.Reflection.MethodInvoker.Invoke(Object obj, IntPtr* args, BindingFlags invokeAttr)\n   at TechTalk.SpecFlow.Bindings.BindingInvoker.InvokeBinding(IBinding binding, IContextManager contextManager, Object[] arguments, ITestTracer testTracer, TimeSpan& duration)\n   at Allure.SpecFlowPlugin.AllureBindingInvoker.InvokeBinding(IBinding binding, IContextManager contextManager, Object[] arguments, ITestTracer testTracer, TimeSpan& duration)\n   at TechTalk.SpecFlow.Infrastructure.TestExecutionEngine.ExecuteStepMatch(BindingMatch match, Object[] arguments, TimeSpan& duration)\n   at TechTalk.SpecFlow.Infrastructure.TestExecutionEngine.ExecuteStep(IContextManager contextManager, StepInstance stepInstance)","steps":[{"name":"Given  the first number is 50","time":{"start":1690822501357,"stop":1690822501358,"duration":1},"status":"failed","steps":[],"attachments":[],"parameters":[],"stepsCount":0,"attachmentsCount":0,"shouldDisplayMessage":false,"hasContent":false},{"name":"And  the second number is 70","time":{"start":1690822501358,"stop":1690822501358,"duration":0},"status":"skipped","steps":[],"attachments":[],"parameters":[],"stepsCount":0,"attachmentsCount":0,"shouldDisplayMessage":false,"hasContent":false},{"name":"When  the two numbers are added","time":{"start":1690822501358,"stop":1690822501358,"duration":0},"status":"skipped","steps":[],"attachments":[],"parameters":[],"stepsCount":0,"attachmentsCount":0,"shouldDisplayMessage":false,"hasContent":false},{"name":"Then  the result should be 120","time":{"start":1690822501358,"stop":1690822501358,"duration":0},"status":"skipped","steps":[],"attachments":[],"parameters":[],"stepsCount":0,"attachmentsCount":0,"shouldDisplayMessage":false,"hasContent":false}],"attachments":[],"parameters":[],"stepsCount":4,"attachmentsCount":0,"shouldDisplayMessage":true,"hasContent":true},"afterStages":[],"labels":[{"name":"thread","value":"NonParallelWorker"},{"name":"host","value":"fv-az796-515"},{"name":"feature","value":"calculator"},{"name":"resultFormat","value":"allure2"}],"parameters":[],"links":[],"hidden":false,"retry":false,"extra":{"severity":"normal","retries":[{"uid":"79900b9b0c0d2c13","status":"failed","statusDetails":"Exception has been thrown by the target of an invocation. -> unknown error: Chrome failed to start: exited abnormally.\n  (unknown error: DevToolsActivePort file doesn't exist)\n  (The process started from chrome location /usr/bin/google-chrome is no longer running, so ChromeDriver is assuming that Chrome has crashed.)","time":{"start":1690822500093,"stop":1690822501167,"duration":1074}}],"categories":[{"name":"Product defects","matchedStatuses":[],"flaky":false}],"history":{"statistic":{"failed":21,"broken":0,"skipped":0,"passed":1,"unknown":0,"total":22},"items":[{"uid":"6a811f91b66e8dae","reportUrl":"https://apetrovskiy.github.io/testLP/38//#testresult/6a811f91b66e8dae","status":"failed","statusDetails":"Exception has been thrown by the target of an invocation. -> unknown error: Chrome failed to start: exited abnormally.\n  (unknown error: DevToolsActivePort file doesn't exist)\n  (The process started from chrome location /usr/bin/google-chrome is no longer running, so ChromeDriver is assuming that Chrome has crashed.)","time":{"start":1690821686696,"stop":1690821686697,"duration":1}},{"uid":"f7f4f9cf8b4362fa","reportUrl":"https://apetrovskiy.github.io/testLP/37//#testresult/f7f4f9cf8b4362fa","status":"failed","statusDetails":"Exception has been thrown by the target of an invocation. -> unknown error: Chrome failed to start: exited abnormally.\n  (unknown error: DevToolsActivePort file doesn't exist)\n  (The process started from chrome location /usr/bin/google-chrome is no longer running, so ChromeDriver is assuming that Chrome has crashed.)","time":{"start":1690821027408,"stop":1690821027409,"duration":1}},{"uid":"bcc4660bf2f9a17f","reportUrl":"https://apetrovskiy.github.io/testLP/36//#testresult/bcc4660bf2f9a17f","status":"failed","statusDetails":"Exception has been thrown by the target of an invocation. -> unknown error: Chrome failed to start: exited abnormally.\n  (unknown error: DevToolsActivePort file doesn't exist)\n  (The process started from chrome location /usr/bin/google-chrome is no longer running, so ChromeDriver is assuming that Chrome has crashed.)","time":{"start":1690819307104,"stop":1690819307105,"duration":1}},{"uid":"af67ce3a6603a54","reportUrl":"https://apetrovskiy.github.io/testLP/35//#testresult/af67ce3a6603a54","status":"passed","time":{"start":1690804719138,"stop":1690804719139,"duration":1}},{"uid":"f56480bbcb46cce9","reportUrl":"https://apetrovskiy.github.io/testLP/34//#testresult/f56480bbcb46cce9","status":"failed","statusDetails":"Connection refused (localhost:5001) -> Connection refused","time":{"start":1690799105609,"stop":1690799105612,"duration":3}},{"uid":"879e113ae502f061","reportUrl":"https://apetrovskiy.github.io/testLP/33//#testresult/879e113ae502f061","status":"failed","statusDetails":"Connection refused (localhost:5001) -> Connection refused","time":{"start":1690718256886,"stop":1690718256891,"duration":5}},{"uid":"17f92ebc128fc15f","reportUrl":"https://apetrovskiy.github.io/testLP/32//#testresult/17f92ebc128fc15f","status":"failed","statusDetails":"Connection refused (localhost:5001) -> Connection refused","time":{"start":1690716936320,"stop":1690716936324,"duration":4}},{"uid":"ff30efba0c2a5490","reportUrl":"https://apetrovskiy.github.io/testLP/31//#testresult/ff30efba0c2a5490","status":"failed","statusDetails":"Connection refused (localhost:5001) -> Connection refused","time":{"start":1690716884390,"stop":1690716884395,"duration":5}},{"uid":"b2b8324d6b4dd576","reportUrl":"https://apetrovskiy.github.io/testLP/28//#testresult/b2b8324d6b4dd576","status":"failed","statusDetails":"Connection refused (localhost:5001) -> Connection refused","time":{"start":1690716055926,"stop":1690716055930,"duration":4}},{"uid":"f09954b866076adf","reportUrl":"https://apetrovskiy.github.io/testLP/26//#testresult/f09954b866076adf","status":"failed","statusDetails":"Connection refused (localhost:5001) -> Connection refused","time":{"start":1690714979353,"stop":1690714979359,"duration":6}},{"uid":"ca9daf55d0304213","reportUrl":"https://apetrovskiy.github.io/testLP/27//#testresult/ca9daf55d0304213","status":"failed","statusDetails":"Connection refused (localhost:5001) -> Connection refused","time":{"start":1690714947855,"stop":1690714947860,"duration":5}},{"uid":"9fd0cc1abcdc8015","reportUrl":"https://apetrovskiy.github.io/testLP/25//#testresult/9fd0cc1abcdc8015","status":"failed","statusDetails":"Connection refused (localhost:5001) -> Connection refused","time":{"start":1690713693573,"stop":1690713693579,"duration":6}},{"uid":"2bcb8f4bf1ec319f","reportUrl":"https://apetrovskiy.github.io/testLP/24//#testresult/2bcb8f4bf1ec319f","status":"failed","statusDetails":"Connection refused (localhost:5001) -> Connection refused","time":{"start":1690713688098,"stop":1690713688102,"duration":4}},{"uid":"ce48e69af2b509c1","reportUrl":"https://apetrovskiy.github.io/testLP/23//#testresult/ce48e69af2b509c1","status":"failed","statusDetails":"Connection refused (localhost:5001) -> Connection refused","time":{"start":1690713224769,"stop":1690713224773,"duration":4}},{"uid":"7ff53faacbd2a5c3","reportUrl":"https://apetrovskiy.github.io/testLP/21//#testresult/7ff53faacbd2a5c3","status":"failed","statusDetails":"Connection refused (localhost:5001) -> Connection refused","time":{"start":1690712668046,"stop":1690712668050,"duration":4}},{"uid":"5e16a0856900dd16","reportUrl":"https://apetrovskiy.github.io/testLP/20//#testresult/5e16a0856900dd16","status":"failed","statusDetails":"Connection refused (localhost:5001) -> Connection refused","time":{"start":1690712636270,"stop":1690712636274,"duration":4}},{"uid":"bf122ecdedcbb62f","reportUrl":"https://apetrovskiy.github.io/testLP/19//#testresult/bf122ecdedcbb62f","status":"failed","statusDetails":"Connection refused (localhost:5001) -> Connection refused","time":{"start":1690711612901,"stop":1690711612905,"duration":4}},{"uid":"9f23bbd3f59e7e68","reportUrl":"https://apetrovskiy.github.io/testLP/18//#testresult/9f23bbd3f59e7e68","status":"failed","statusDetails":"Connection refused (localhost:5001) -> Connection refused","time":{"start":1690710957388,"stop":1690710957392,"duration":4}},{"uid":"fb07d428c30a2b06","reportUrl":"https://apetrovskiy.github.io/testLP/17//#testresult/fb07d428c30a2b06","status":"failed","statusDetails":"Connection refused (localhost:5001) -> Connection refused","time":{"start":1690709476576,"stop":1690709476581,"duration":5}},{"uid":"4564db20ac8c7de6","reportUrl":"https://apetrovskiy.github.io/testLP/16//#testresult/4564db20ac8c7de6","status":"failed","statusDetails":"Connection refused (localhost:5001) -> Connection refused","time":{"start":1690709217755,"stop":1690709217759,"duration":4}}]},"tags":[]},"source":"b2036374c48c507f.json","parameterValues":[]}