{
  "uid" : "d28aaf31c664dce7",
  "name" : "Add two numbers",
  "fullName" : "Add two numbers",
  "historyId" : "Add two numbers",
  "time" : {
    "start" : 1690822500093,
    "stop" : 1690822501167,
    "duration" : 1074
  },
  "status" : "failed",
  "statusMessage" : "Exception has been thrown by the target of an invocation. -> unknown error: Chrome failed to start: exited abnormally.\n  (unknown error: DevToolsActivePort file doesn't exist)\n  (The process started from chrome location /usr/bin/google-chrome is no longer running, so ChromeDriver is assuming that Chrome has crashed.)",
  "statusTrace" : "System.Reflection.TargetInvocationException: Exception has been thrown by the target of an invocation.\n ---> OpenQA.Selenium.WebDriverException: unknown error: Chrome failed to start: exited abnormally.\n  (unknown error: DevToolsActivePort file doesn't exist)\n  (The process started from chrome location /usr/bin/google-chrome is no longer running, so ChromeDriver is assuming that Chrome has crashed.)\n   at OpenQA.Selenium.WebDriver.UnpackAndThrowOnError(Response errorResponse, String commandToExecute)\n   at OpenQA.Selenium.WebDriver.Execute(String driverCommandToExecute, Dictionary`2 parameters)\n   at OpenQA.Selenium.WebDriver.StartSession(ICapabilities desiredCapabilities)\n   at OpenQA.Selenium.WebDriver..ctor(ICommandExecutor executor, ICapabilities capabilities)\n   at OpenQA.Selenium.Chromium.ChromiumDriver..ctor(ChromiumDriverService service, ChromiumOptions options, TimeSpan commandTimeout)\n   at OpenQA.Selenium.Chrome.ChromeDriver..ctor(ChromeDriverService service, ChromeOptions options, TimeSpan commandTimeout)\n   at OpenQA.Selenium.Chrome.ChromeDriver..ctor(ChromeDriverService service, ChromeOptions options)\n   at LP.Core.Drivers.BrowserDriver.CreateWebDriver() in /home/runner/work/testLP/testLP/src/LP.Core/Drivers/BrowserDriver.cs:line 58\n   at System.Lazy`1.ViaFactory(LazyThreadSafetyMode mode)\n   at System.Lazy`1.ExecutionAndPublication(LazyHelper executionAndPublication, Boolean useDefaultConstructor)\n   at System.Lazy`1.CreateValue()\n   at LP.Core.Drivers.BrowserDriver.get_Current() in /home/runner/work/testLP/testLP/src/LP.Core/Drivers/BrowserDriver.cs:line 27\n   at LP.Tests.Steps.CalculatorStepDefinitions..ctor(BrowserDriver browserDriver) in /home/runner/work/testLP/testLP/src/LP.Tests/Steps/CalculatorStepDefinitions.cs:line 20\n   at System.RuntimeMethodHandle.InvokeMethod(Object target, Void** arguments, Signature sig, Boolean isConstructor)\n   at System.Reflection.ConstructorInvoker.Invoke(Object obj, IntPtr* args, BindingFlags invokeAttr)\n   --- End of inner exception stack trace ---\n   at System.Reflection.ConstructorInvoker.Invoke(Object obj, IntPtr* args, BindingFlags invokeAttr)\n   at System.Reflection.RuntimeConstructorInfo.Invoke(BindingFlags invokeAttr, Binder binder, Object[] parameters, CultureInfo culture)\n   at BoDi.ObjectContainer.CreateObject(Type type, ResolutionList resolutionPath, RegistrationKey keyToResolve)\n   at BoDi.ObjectContainer.TypeRegistration.<>c__DisplayClass3_0.<ResolvePerContext>b__1()\n   at BoDi.ObjectContainer.RegistrationWithStrategy.ExecuteWithLock(Object lockObject, Func`1 getter, Func`1 factory, ResolutionList resolutionPath)\n   at BoDi.ObjectContainer.TypeRegistration.ResolvePerContext(ObjectContainer container, RegistrationKey keyToResolve, ResolutionList resolutionPath)\n   at BoDi.ObjectContainer.RegistrationWithStrategy.Resolve(ObjectContainer container, RegistrationKey keyToResolve, ResolutionList resolutionPath)\n   at BoDi.ObjectContainer.ResolveObject(RegistrationKey keyToResolve, ResolutionList resolutionPath)\n   at BoDi.ObjectContainer.Resolve(Type typeToResolve, ResolutionList resolutionPath, String name)\n   at BoDi.ObjectContainer.Resolve(Type typeToResolve, String name)\n   at TechTalk.SpecFlow.Infrastructure.TestObjectResolver.ResolveBindingInstance(Type bindingType, IObjectContainer container)\n   at lambda_method31(Closure, IContextManager, Int32)\n   at System.RuntimeMethodHandle.InvokeMethod(Object target, Void** arguments, Signature sig, Boolean isConstructor)\n   at System.Reflection.MethodInvoker.Invoke(Object obj, IntPtr* args, BindingFlags invokeAttr)\n   at TechTalk.SpecFlow.Bindings.BindingInvoker.InvokeBinding(IBinding binding, IContextManager contextManager, Object[] arguments, ITestTracer testTracer, TimeSpan& duration)\n   at Allure.SpecFlowPlugin.AllureBindingInvoker.InvokeBinding(IBinding binding, IContextManager contextManager, Object[] arguments, ITestTracer testTracer, TimeSpan& duration)\n   at TechTalk.SpecFlow.Infrastructure.TestExecutionEngine.ExecuteStepMatch(BindingMatch match, Object[] arguments, TimeSpan& duration)\n   at TechTalk.SpecFlow.Infrastructure.TestExecutionEngine.ExecuteStep(IContextManager contextManager, StepInstance stepInstance)",
  "flaky" : false,
  "newFailed" : false,
  "beforeStages" : [ {
    "name" : "SetupTestUsers [10000]",
    "time" : {
      "start" : 1690822500078,
      "stop" : 1690822500079,
      "duration" : 1
    },
    "status" : "passed",
    "steps" : [ ],
    "attachments" : [ ],
    "parameters" : [ ],
    "stepsCount" : 0,
    "attachmentsCount" : 0,
    "shouldDisplayMessage" : false,
    "hasContent" : false
  }, {
    "name" : "SetupTestUsers [10000]",
    "time" : {
      "start" : 1690822500079,
      "stop" : 1690822500079,
      "duration" : 0
    },
    "status" : "passed",
    "steps" : [ ],
    "attachments" : [ ],
    "parameters" : [ ],
    "stepsCount" : 0,
    "attachmentsCount" : 0,
    "shouldDisplayMessage" : false,
    "hasContent" : false
  }, {
    "name" : "SetupStuffForFeatures [10000]",
    "time" : {
      "start" : 1690822500054,
      "stop" : 1690822500055,
      "duration" : 1
    },
    "status" : "passed",
    "steps" : [ ],
    "attachments" : [ ],
    "parameters" : [ ],
    "stepsCount" : 0,
    "attachmentsCount" : 0,
    "shouldDisplayMessage" : false,
    "hasContent" : false
  } ],
  "testStage" : {
    "status" : "failed",
    "statusMessage" : "Exception has been thrown by the target of an invocation. -> unknown error: Chrome failed to start: exited abnormally.\n  (unknown error: DevToolsActivePort file doesn't exist)\n  (The process started from chrome location /usr/bin/google-chrome is no longer running, so ChromeDriver is assuming that Chrome has crashed.)",
    "statusTrace" : "System.Reflection.TargetInvocationException: Exception has been thrown by the target of an invocation.\n ---> OpenQA.Selenium.WebDriverException: unknown error: Chrome failed to start: exited abnormally.\n  (unknown error: DevToolsActivePort file doesn't exist)\n  (The process started from chrome location /usr/bin/google-chrome is no longer running, so ChromeDriver is assuming that Chrome has crashed.)\n   at OpenQA.Selenium.WebDriver.UnpackAndThrowOnError(Response errorResponse, String commandToExecute)\n   at OpenQA.Selenium.WebDriver.Execute(String driverCommandToExecute, Dictionary`2 parameters)\n   at OpenQA.Selenium.WebDriver.StartSession(ICapabilities desiredCapabilities)\n   at OpenQA.Selenium.WebDriver..ctor(ICommandExecutor executor, ICapabilities capabilities)\n   at OpenQA.Selenium.Chromium.ChromiumDriver..ctor(ChromiumDriverService service, ChromiumOptions options, TimeSpan commandTimeout)\n   at OpenQA.Selenium.Chrome.ChromeDriver..ctor(ChromeDriverService service, ChromeOptions options, TimeSpan commandTimeout)\n   at OpenQA.Selenium.Chrome.ChromeDriver..ctor(ChromeDriverService service, ChromeOptions options)\n   at LP.Core.Drivers.BrowserDriver.CreateWebDriver() in /home/runner/work/testLP/testLP/src/LP.Core/Drivers/BrowserDriver.cs:line 58\n   at System.Lazy`1.ViaFactory(LazyThreadSafetyMode mode)\n   at System.Lazy`1.ExecutionAndPublication(LazyHelper executionAndPublication, Boolean useDefaultConstructor)\n   at System.Lazy`1.CreateValue()\n   at LP.Core.Drivers.BrowserDriver.get_Current() in /home/runner/work/testLP/testLP/src/LP.Core/Drivers/BrowserDriver.cs:line 27\n   at LP.Tests.Steps.CalculatorStepDefinitions..ctor(BrowserDriver browserDriver) in /home/runner/work/testLP/testLP/src/LP.Tests/Steps/CalculatorStepDefinitions.cs:line 20\n   at System.RuntimeMethodHandle.InvokeMethod(Object target, Void** arguments, Signature sig, Boolean isConstructor)\n   at System.Reflection.ConstructorInvoker.Invoke(Object obj, IntPtr* args, BindingFlags invokeAttr)\n   --- End of inner exception stack trace ---\n   at System.Reflection.ConstructorInvoker.Invoke(Object obj, IntPtr* args, BindingFlags invokeAttr)\n   at System.Reflection.RuntimeConstructorInfo.Invoke(BindingFlags invokeAttr, Binder binder, Object[] parameters, CultureInfo culture)\n   at BoDi.ObjectContainer.CreateObject(Type type, ResolutionList resolutionPath, RegistrationKey keyToResolve)\n   at BoDi.ObjectContainer.TypeRegistration.<>c__DisplayClass3_0.<ResolvePerContext>b__1()\n   at BoDi.ObjectContainer.RegistrationWithStrategy.ExecuteWithLock(Object lockObject, Func`1 getter, Func`1 factory, ResolutionList resolutionPath)\n   at BoDi.ObjectContainer.TypeRegistration.ResolvePerContext(ObjectContainer container, RegistrationKey keyToResolve, ResolutionList resolutionPath)\n   at BoDi.ObjectContainer.RegistrationWithStrategy.Resolve(ObjectContainer container, RegistrationKey keyToResolve, ResolutionList resolutionPath)\n   at BoDi.ObjectContainer.ResolveObject(RegistrationKey keyToResolve, ResolutionList resolutionPath)\n   at BoDi.ObjectContainer.Resolve(Type typeToResolve, ResolutionList resolutionPath, String name)\n   at BoDi.ObjectContainer.Resolve(Type typeToResolve, String name)\n   at TechTalk.SpecFlow.Infrastructure.TestObjectResolver.ResolveBindingInstance(Type bindingType, IObjectContainer container)\n   at lambda_method31(Closure, IContextManager, Int32)\n   at System.RuntimeMethodHandle.InvokeMethod(Object target, Void** arguments, Signature sig, Boolean isConstructor)\n   at System.Reflection.MethodInvoker.Invoke(Object obj, IntPtr* args, BindingFlags invokeAttr)\n   at TechTalk.SpecFlow.Bindings.BindingInvoker.InvokeBinding(IBinding binding, IContextManager contextManager, Object[] arguments, ITestTracer testTracer, TimeSpan& duration)\n   at Allure.SpecFlowPlugin.AllureBindingInvoker.InvokeBinding(IBinding binding, IContextManager contextManager, Object[] arguments, ITestTracer testTracer, TimeSpan& duration)\n   at TechTalk.SpecFlow.Infrastructure.TestExecutionEngine.ExecuteStepMatch(BindingMatch match, Object[] arguments, TimeSpan& duration)\n   at TechTalk.SpecFlow.Infrastructure.TestExecutionEngine.ExecuteStep(IContextManager contextManager, StepInstance stepInstance)",
    "steps" : [ {
      "name" : "Given  the first number is 50",
      "time" : {
        "start" : 1690822500098,
        "stop" : 1690822501146,
        "duration" : 1048
      },
      "status" : "failed",
      "steps" : [ ],
      "attachments" : [ ],
      "parameters" : [ ],
      "stepsCount" : 0,
      "attachmentsCount" : 0,
      "shouldDisplayMessage" : false,
      "hasContent" : false
    }, {
      "name" : "And  the second number is 70",
      "time" : {
        "start" : 1690822501155,
        "stop" : 1690822501156,
        "duration" : 1
      },
      "status" : "skipped",
      "steps" : [ ],
      "attachments" : [ ],
      "parameters" : [ ],
      "stepsCount" : 0,
      "attachmentsCount" : 0,
      "shouldDisplayMessage" : false,
      "hasContent" : false
    }, {
      "name" : "When  the two numbers are added",
      "time" : {
        "start" : 1690822501158,
        "stop" : 1690822501158,
        "duration" : 0
      },
      "status" : "skipped",
      "steps" : [ ],
      "attachments" : [ ],
      "parameters" : [ ],
      "stepsCount" : 0,
      "attachmentsCount" : 0,
      "shouldDisplayMessage" : false,
      "hasContent" : false
    }, {
      "name" : "Then  the result should be 120",
      "time" : {
        "start" : 1690822501158,
        "stop" : 1690822501158,
        "duration" : 0
      },
      "status" : "skipped",
      "steps" : [ ],
      "attachments" : [ ],
      "parameters" : [ ],
      "stepsCount" : 0,
      "attachmentsCount" : 0,
      "shouldDisplayMessage" : false,
      "hasContent" : false
    } ],
    "attachments" : [ ],
    "parameters" : [ ],
    "stepsCount" : 4,
    "attachmentsCount" : 0,
    "shouldDisplayMessage" : true,
    "hasContent" : true
  },
  "afterStages" : [ ],
  "labels" : [ {
    "name" : "thread",
    "value" : "NonParallelWorker"
  }, {
    "name" : "host",
    "value" : "fv-az796-515"
  }, {
    "name" : "feature",
    "value" : "Calculator API"
  }, {
    "name" : "tag",
    "value" : "Add"
  }, {
    "name" : "resultFormat",
    "value" : "allure2"
  } ],
  "parameters" : [ ],
  "links" : [ ],
  "hidden" : true,
  "retry" : true,
  "extra" : {
    "categories" : [ ],
    "tags" : [ "Add" ]
  },
  "source" : "d28aaf31c664dce7.json",
  "parameterValues" : [ ]
}