{"uid":"c6de14342d3431b3","name":"Divide by 0 returns 0","fullName":"LP.Tests/Features/Calculator API/Divide by 0 returns 0","historyId":"951a561c289218e7e4b14124d482e6ad","time":{"start":1697501655153,"stop":1697501655224,"duration":71},"status":"failed","statusMessage":"no such element: Unable to locate element: {\"method\":\"css selector\",\"selector\":\"#first\\-number\"}\n  (Session info: headless chrome=117.0.5938.132); For documentation on this error, please visit: https://www.selenium.dev/documentation/webdriver/troubleshooting/errors#no-such-element-exception","statusTrace":"OpenQA.Selenium.NoSuchElementException: no such element: Unable to locate element: {\"method\":\"css selector\",\"selector\":\"#first\\-number\"}\n  (Session info: headless chrome=117.0.5938.132); For documentation on this error, please visit: https://www.selenium.dev/documentation/webdriver/troubleshooting/errors#no-such-element-exception\n   at OpenQA.Selenium.WebDriver.UnpackAndThrowOnError(Response errorResponse, String commandToExecute)\n   at OpenQA.Selenium.WebDriver.Execute(String driverCommandToExecute, Dictionary`2 parameters)\n   at OpenQA.Selenium.WebDriver.FindElement(String mechanism, String value)\n   at OpenQA.Selenium.By.<.ctor>b__11_0(ISearchContext context)\n   at OpenQA.Selenium.By.FindElement(ISearchContext context)\n   at OpenQA.Selenium.WebDriver.FindElement(By by)\n   at LP.Core.Pages.CalculatorPageObject.get_FirstNumberElement() in /home/runner/work/testLP/testLP/src/LP.Core/Pages/CalculatorPageObject.cs:line 31\n   at LP.Core.Pages.CalculatorPageObject.EnterFirstNumber(String number) in /home/runner/work/testLP/testLP/src/LP.Core/Pages/CalculatorPageObject.cs:line 44\n   at LP.Tests.Steps.CalculatorStepDefinitions.GivenTheFirstNumberIs(Int32 number) in /home/runner/work/testLP/testLP/src/LP.Tests/Steps/CalculatorStepDefinitions.cs:line 27\n   at InvokeStub_Action`2.Invoke(Object, Object, IntPtr*)\n   at System.Reflection.MethodInvoker.Invoke(Object obj, IntPtr* args, BindingFlags invokeAttr)\n   at TechTalk.SpecFlow.Bindings.BindingInvoker.InvokeBinding(IBinding binding, IContextManager contextManager, Object[] arguments, ITestTracer testTracer, TimeSpan& duration)\n   at Allure.SpecFlowPlugin.AllureBindingInvoker.InvokeBinding(IBinding binding, IContextManager contextManager, Object[] arguments, ITestTracer testTracer, TimeSpan& duration)\n   at TechTalk.SpecFlow.Infrastructure.TestExecutionEngine.ExecuteStepMatch(BindingMatch match, Object[] arguments, TimeSpan& duration)\n   at TechTalk.SpecFlow.Infrastructure.TestExecutionEngine.ExecuteStep(IContextManager contextManager, StepInstance stepInstance)","flaky":false,"newFailed":false,"newBroken":false,"newPassed":false,"retriesCount":0,"retriesStatusChange":false,"beforeStages":[{"name":"SetupStuffForFeatures [10000]","time":{"start":1697501654095,"stop":1697501654096,"duration":1},"status":"passed","steps":[],"attachments":[],"parameters":[],"shouldDisplayMessage":false,"stepsCount":0,"attachmentsCount":0,"hasContent":false},{"name":"SetupTestUsers [10000]","time":{"start":1697501655152,"stop":1697501655152,"duration":0},"status":"passed","steps":[],"attachments":[],"parameters":[],"shouldDisplayMessage":false,"stepsCount":0,"attachmentsCount":0,"hasContent":false},{"name":"SetupTestUsers [10000]","time":{"start":1697501655152,"stop":1697501655152,"duration":0},"status":"passed","steps":[],"attachments":[],"parameters":[],"shouldDisplayMessage":false,"stepsCount":0,"attachmentsCount":0,"hasContent":false}],"testStage":{"status":"failed","statusMessage":"no such element: Unable to locate element: {\"method\":\"css selector\",\"selector\":\"#first\\-number\"}\n  (Session info: headless chrome=117.0.5938.132); For documentation on this error, please visit: https://www.selenium.dev/documentation/webdriver/troubleshooting/errors#no-such-element-exception","statusTrace":"OpenQA.Selenium.NoSuchElementException: no such element: Unable to locate element: {\"method\":\"css selector\",\"selector\":\"#first\\-number\"}\n  (Session info: headless chrome=117.0.5938.132); For documentation on this error, please visit: https://www.selenium.dev/documentation/webdriver/troubleshooting/errors#no-such-element-exception\n   at OpenQA.Selenium.WebDriver.UnpackAndThrowOnError(Response errorResponse, String commandToExecute)\n   at OpenQA.Selenium.WebDriver.Execute(String driverCommandToExecute, Dictionary`2 parameters)\n   at OpenQA.Selenium.WebDriver.FindElement(String mechanism, String value)\n   at OpenQA.Selenium.By.<.ctor>b__11_0(ISearchContext context)\n   at OpenQA.Selenium.By.FindElement(ISearchContext context)\n   at OpenQA.Selenium.WebDriver.FindElement(By by)\n   at LP.Core.Pages.CalculatorPageObject.get_FirstNumberElement() in /home/runner/work/testLP/testLP/src/LP.Core/Pages/CalculatorPageObject.cs:line 31\n   at LP.Core.Pages.CalculatorPageObject.EnterFirstNumber(String number) in /home/runner/work/testLP/testLP/src/LP.Core/Pages/CalculatorPageObject.cs:line 44\n   at LP.Tests.Steps.CalculatorStepDefinitions.GivenTheFirstNumberIs(Int32 number) in /home/runner/work/testLP/testLP/src/LP.Tests/Steps/CalculatorStepDefinitions.cs:line 27\n   at InvokeStub_Action`2.Invoke(Object, Object, IntPtr*)\n   at System.Reflection.MethodInvoker.Invoke(Object obj, IntPtr* args, BindingFlags invokeAttr)\n   at TechTalk.SpecFlow.Bindings.BindingInvoker.InvokeBinding(IBinding binding, IContextManager contextManager, Object[] arguments, ITestTracer testTracer, TimeSpan& duration)\n   at Allure.SpecFlowPlugin.AllureBindingInvoker.InvokeBinding(IBinding binding, IContextManager contextManager, Object[] arguments, ITestTracer testTracer, TimeSpan& duration)\n   at TechTalk.SpecFlow.Infrastructure.TestExecutionEngine.ExecuteStepMatch(BindingMatch match, Object[] arguments, TimeSpan& duration)\n   at TechTalk.SpecFlow.Infrastructure.TestExecutionEngine.ExecuteStep(IContextManager contextManager, StepInstance stepInstance)","steps":[{"name":"Given  the first number is 0","time":{"start":1697501655153,"stop":1697501655174,"duration":21},"status":"failed","statusMessage":"no such element: Unable to locate element: {\"method\":\"css selector\",\"selector\":\"#first\\-number\"}\n  (Session info: headless chrome=117.0.5938.132); For documentation on this error, please visit: https://www.selenium.dev/documentation/webdriver/troubleshooting/errors#no-such-element-exception","statusTrace":"OpenQA.Selenium.NoSuchElementException: no such element: Unable to locate element: {\"method\":\"css selector\",\"selector\":\"#first\\-number\"}\n  (Session info: headless chrome=117.0.5938.132); For documentation on this error, please visit: https://www.selenium.dev/documentation/webdriver/troubleshooting/errors#no-such-element-exception\n   at OpenQA.Selenium.WebDriver.UnpackAndThrowOnError(Response errorResponse, String commandToExecute)\n   at OpenQA.Selenium.WebDriver.Execute(String driverCommandToExecute, Dictionary`2 parameters)\n   at OpenQA.Selenium.WebDriver.FindElement(String mechanism, String value)\n   at OpenQA.Selenium.By.<.ctor>b__11_0(ISearchContext context)\n   at OpenQA.Selenium.By.FindElement(ISearchContext context)\n   at OpenQA.Selenium.WebDriver.FindElement(By by)\n   at LP.Core.Pages.CalculatorPageObject.get_FirstNumberElement() in /home/runner/work/testLP/testLP/src/LP.Core/Pages/CalculatorPageObject.cs:line 31\n   at LP.Core.Pages.CalculatorPageObject.EnterFirstNumber(String number) in /home/runner/work/testLP/testLP/src/LP.Core/Pages/CalculatorPageObject.cs:line 44\n   at LP.Tests.Steps.CalculatorStepDefinitions.GivenTheFirstNumberIs(Int32 number) in /home/runner/work/testLP/testLP/src/LP.Tests/Steps/CalculatorStepDefinitions.cs:line 27\n   at InvokeStub_Action`2.Invoke(Object, Object, IntPtr*)\n   at System.Reflection.MethodInvoker.Invoke(Object obj, IntPtr* args, BindingFlags invokeAttr)\n   at TechTalk.SpecFlow.Bindings.BindingInvoker.InvokeBinding(IBinding binding, IContextManager contextManager, Object[] arguments, ITestTracer testTracer, TimeSpan& duration)\n   at Allure.SpecFlowPlugin.AllureBindingInvoker.InvokeBinding(IBinding binding, IContextManager contextManager, Object[] arguments, ITestTracer testTracer, TimeSpan& duration)\n   at TechTalk.SpecFlow.Infrastructure.TestExecutionEngine.ExecuteStepMatch(BindingMatch match, Object[] arguments, TimeSpan& duration)\n   at TechTalk.SpecFlow.Infrastructure.TestExecutionEngine.ExecuteStep(IContextManager contextManager, StepInstance stepInstance)","steps":[],"attachments":[],"parameters":[],"shouldDisplayMessage":true,"stepsCount":0,"attachmentsCount":0,"hasContent":true},{"name":"And  the second number is 70","time":{"start":1697501655174,"stop":1697501655174,"duration":0},"status":"skipped","steps":[],"attachments":[],"parameters":[],"shouldDisplayMessage":false,"stepsCount":0,"attachmentsCount":0,"hasContent":false},{"name":"When  the two numbers are divided","time":{"start":1697501655174,"stop":1697501655220,"duration":46},"status":"broken","statusMessage":"No matching definition found for this step","steps":[],"attachments":[],"parameters":[],"shouldDisplayMessage":true,"stepsCount":0,"attachmentsCount":0,"hasContent":true},{"name":"Then  the result should be 0","time":{"start":1697501655223,"stop":1697501655223,"duration":0},"status":"skipped","steps":[],"attachments":[],"parameters":[],"shouldDisplayMessage":false,"stepsCount":0,"attachmentsCount":0,"hasContent":false}],"attachments":[],"parameters":[],"shouldDisplayMessage":false,"stepsCount":4,"attachmentsCount":0,"hasContent":true},"afterStages":[],"labels":[{"name":"thread","value":"NonParallelWorker"},{"name":"host","value":"fv-az477-880"},{"name":"language","value":"C#"},{"name":"framework","value":"SpecFlow"},{"name":"feature","value":"Calculator API"},{"name":"tag","value":"Divide"},{"name":"resultFormat","value":"allure2"}],"parameters":[],"links":[],"hidden":false,"retry":false,"extra":{"severity":"normal","retries":[],"categories":[{"name":"Product defects","matchedStatuses":[],"flaky":false}],"tags":["Divide"]},"source":"c6de14342d3431b3.json","parameterValues":[]}