{
  "uid" : "ada98de2ca965ec0",
  "name" : "Add two numbers",
  "fullName" : "Add two numbers",
  "historyId" : "Add two numbers",
  "time" : {
    "start" : 1691416454238,
    "stop" : 1691416454249,
    "duration" : 11
  },
  "status" : "failed",
  "statusMessage" : "no such element: Unable to locate element: {\"method\":\"css selector\",\"selector\":\"#first\\-number\"}\n  (Session info: headless chrome=115.0.5790.110); For documentation on this error, please visit: https://www.selenium.dev/documentation/webdriver/troubleshooting/errors#no-such-element-exception",
  "statusTrace" : "OpenQA.Selenium.NoSuchElementException: no such element: Unable to locate element: {\"method\":\"css selector\",\"selector\":\"#first\\-number\"}\n  (Session info: headless chrome=115.0.5790.110); For documentation on this error, please visit: https://www.selenium.dev/documentation/webdriver/troubleshooting/errors#no-such-element-exception\n   at OpenQA.Selenium.WebDriver.UnpackAndThrowOnError(Response errorResponse, String commandToExecute)\n   at OpenQA.Selenium.WebDriver.Execute(String driverCommandToExecute, Dictionary`2 parameters)\n   at OpenQA.Selenium.WebDriver.FindElement(String mechanism, String value)\n   at OpenQA.Selenium.By.<.ctor>b__11_0(ISearchContext context)\n   at OpenQA.Selenium.By.FindElement(ISearchContext context)\n   at OpenQA.Selenium.WebDriver.FindElement(By by)\n   at LP.Core.Pages.CalculatorPageObject.get_FirstNumberElement() in /home/runner/work/testLP/testLP/src/LP.Core/Pages/CalculatorPageObject.cs:line 31\n   at LP.Core.Pages.CalculatorPageObject.EnterFirstNumber(String number) in /home/runner/work/testLP/testLP/src/LP.Core/Pages/CalculatorPageObject.cs:line 44\n   at LP.Tests.Steps.CalculatorStepDefinitions.GivenTheFirstNumberIs(Int32 number) in /home/runner/work/testLP/testLP/src/LP.Tests/Steps/CalculatorStepDefinitions.cs:line 27\n   at InvokeStub_Action`2.Invoke(Object, Object, IntPtr*)\n   at System.Reflection.MethodInvoker.Invoke(Object obj, IntPtr* args, BindingFlags invokeAttr)\n   at TechTalk.SpecFlow.Bindings.BindingInvoker.InvokeBinding(IBinding binding, IContextManager contextManager, Object[] arguments, ITestTracer testTracer, TimeSpan& duration)\n   at Allure.SpecFlowPlugin.AllureBindingInvoker.InvokeBinding(IBinding binding, IContextManager contextManager, Object[] arguments, ITestTracer testTracer, TimeSpan& duration)\n   at TechTalk.SpecFlow.Infrastructure.TestExecutionEngine.ExecuteStepMatch(BindingMatch match, Object[] arguments, TimeSpan& duration)\n   at TechTalk.SpecFlow.Infrastructure.TestExecutionEngine.ExecuteStep(IContextManager contextManager, StepInstance stepInstance)",
  "flaky" : true,
  "newFailed" : false,
  "beforeStages" : [ {
    "name" : "SetupTestUsers [10000]",
    "time" : {
      "start" : 1691416454238,
      "stop" : 1691416454238,
      "duration" : 0
    },
    "status" : "passed",
    "steps" : [ ],
    "attachments" : [ ],
    "parameters" : [ ],
    "stepsCount" : 0,
    "attachmentsCount" : 0,
    "shouldDisplayMessage" : false,
    "hasContent" : false
  }, {
    "name" : "SetupTestUsers [10000]",
    "time" : {
      "start" : 1691416454238,
      "stop" : 1691416454238,
      "duration" : 0
    },
    "status" : "passed",
    "steps" : [ ],
    "attachments" : [ ],
    "parameters" : [ ],
    "stepsCount" : 0,
    "attachmentsCount" : 0,
    "shouldDisplayMessage" : false,
    "hasContent" : false
  }, {
    "name" : "SetupStuffForFeatures [10000]",
    "time" : {
      "start" : 1691416454237,
      "stop" : 1691416454237,
      "duration" : 0
    },
    "status" : "passed",
    "steps" : [ ],
    "attachments" : [ ],
    "parameters" : [ ],
    "stepsCount" : 0,
    "attachmentsCount" : 0,
    "shouldDisplayMessage" : false,
    "hasContent" : false
  } ],
  "testStage" : {
    "status" : "failed",
    "statusMessage" : "no such element: Unable to locate element: {\"method\":\"css selector\",\"selector\":\"#first\\-number\"}\n  (Session info: headless chrome=115.0.5790.110); For documentation on this error, please visit: https://www.selenium.dev/documentation/webdriver/troubleshooting/errors#no-such-element-exception",
    "statusTrace" : "OpenQA.Selenium.NoSuchElementException: no such element: Unable to locate element: {\"method\":\"css selector\",\"selector\":\"#first\\-number\"}\n  (Session info: headless chrome=115.0.5790.110); For documentation on this error, please visit: https://www.selenium.dev/documentation/webdriver/troubleshooting/errors#no-such-element-exception\n   at OpenQA.Selenium.WebDriver.UnpackAndThrowOnError(Response errorResponse, String commandToExecute)\n   at OpenQA.Selenium.WebDriver.Execute(String driverCommandToExecute, Dictionary`2 parameters)\n   at OpenQA.Selenium.WebDriver.FindElement(String mechanism, String value)\n   at OpenQA.Selenium.By.<.ctor>b__11_0(ISearchContext context)\n   at OpenQA.Selenium.By.FindElement(ISearchContext context)\n   at OpenQA.Selenium.WebDriver.FindElement(By by)\n   at LP.Core.Pages.CalculatorPageObject.get_FirstNumberElement() in /home/runner/work/testLP/testLP/src/LP.Core/Pages/CalculatorPageObject.cs:line 31\n   at LP.Core.Pages.CalculatorPageObject.EnterFirstNumber(String number) in /home/runner/work/testLP/testLP/src/LP.Core/Pages/CalculatorPageObject.cs:line 44\n   at LP.Tests.Steps.CalculatorStepDefinitions.GivenTheFirstNumberIs(Int32 number) in /home/runner/work/testLP/testLP/src/LP.Tests/Steps/CalculatorStepDefinitions.cs:line 27\n   at InvokeStub_Action`2.Invoke(Object, Object, IntPtr*)\n   at System.Reflection.MethodInvoker.Invoke(Object obj, IntPtr* args, BindingFlags invokeAttr)\n   at TechTalk.SpecFlow.Bindings.BindingInvoker.InvokeBinding(IBinding binding, IContextManager contextManager, Object[] arguments, ITestTracer testTracer, TimeSpan& duration)\n   at Allure.SpecFlowPlugin.AllureBindingInvoker.InvokeBinding(IBinding binding, IContextManager contextManager, Object[] arguments, ITestTracer testTracer, TimeSpan& duration)\n   at TechTalk.SpecFlow.Infrastructure.TestExecutionEngine.ExecuteStepMatch(BindingMatch match, Object[] arguments, TimeSpan& duration)\n   at TechTalk.SpecFlow.Infrastructure.TestExecutionEngine.ExecuteStep(IContextManager contextManager, StepInstance stepInstance)",
    "steps" : [ {
      "name" : "Given  the first number is 50",
      "time" : {
        "start" : 1691416454238,
        "stop" : 1691416454248,
        "duration" : 10
      },
      "status" : "failed",
      "steps" : [ ],
      "attachments" : [ ],
      "parameters" : [ ],
      "stepsCount" : 0,
      "attachmentsCount" : 0,
      "shouldDisplayMessage" : false,
      "hasContent" : false
    }, {
      "name" : "And  the second number is 70",
      "time" : {
        "start" : 1691416454248,
        "stop" : 1691416454248,
        "duration" : 0
      },
      "status" : "skipped",
      "steps" : [ ],
      "attachments" : [ ],
      "parameters" : [ ],
      "stepsCount" : 0,
      "attachmentsCount" : 0,
      "shouldDisplayMessage" : false,
      "hasContent" : false
    }, {
      "name" : "When  the two numbers are added",
      "time" : {
        "start" : 1691416454248,
        "stop" : 1691416454248,
        "duration" : 0
      },
      "status" : "skipped",
      "steps" : [ ],
      "attachments" : [ ],
      "parameters" : [ ],
      "stepsCount" : 0,
      "attachmentsCount" : 0,
      "shouldDisplayMessage" : false,
      "hasContent" : false
    }, {
      "name" : "Then  the result should be 120",
      "time" : {
        "start" : 1691416454248,
        "stop" : 1691416454248,
        "duration" : 0
      },
      "status" : "skipped",
      "steps" : [ ],
      "attachments" : [ ],
      "parameters" : [ ],
      "stepsCount" : 0,
      "attachmentsCount" : 0,
      "shouldDisplayMessage" : false,
      "hasContent" : false
    } ],
    "attachments" : [ ],
    "parameters" : [ ],
    "stepsCount" : 4,
    "attachmentsCount" : 0,
    "shouldDisplayMessage" : true,
    "hasContent" : true
  },
  "afterStages" : [ ],
  "labels" : [ {
    "name" : "thread",
    "value" : "NonParallelWorker"
  }, {
    "name" : "host",
    "value" : "fv-az586-767"
  }, {
    "name" : "feature",
    "value" : "calculator"
  }, {
    "name" : "resultFormat",
    "value" : "allure2"
  } ],
  "parameters" : [ ],
  "links" : [ ],
  "hidden" : false,
  "retry" : false,
  "extra" : {
    "severity" : "normal",
    "retries" : [ {
      "uid" : "105a410db8de0016",
      "status" : "failed",
      "statusDetails" : "no such element: Unable to locate element: {\"method\":\"css selector\",\"selector\":\"#first\\-number\"}\n  (Session info: headless chrome=115.0.5790.110); For documentation on this error, please visit: https://www.selenium.dev/documentation/webdriver/troubleshooting/errors#no-such-element-exception",
      "time" : {
        "start" : 1691416452524,
        "stop" : 1691416454062,
        "duration" : 1538
      }
    } ],
    "categories" : [ {
      "name" : "Product defects",
      "matchedStatuses" : [ ],
      "flaky" : false
    } ],
    "history" : {
      "statistic" : {
        "failed" : 24,
        "broken" : 0,
        "skipped" : 0,
        "passed" : 1,
        "unknown" : 0,
        "total" : 25
      },
      "items" : [ {
        "uid" : "9e70ce42965fb948",
        "reportUrl" : "https://apetrovskiy.github.io/testLP/41//#testresult/9e70ce42965fb948",
        "status" : "failed",
        "statusDetails" : "no such element: Unable to locate element: {\"method\":\"css selector\",\"selector\":\"#first\\-number\"}\n  (Session info: headless chrome=115.0.5790.102); For documentation on this error, please visit: https://www.selenium.dev/documentation/webdriver/troubleshooting/errors#no-such-element-exception",
        "time" : {
          "start" : 1690832709175,
          "stop" : 1690832709188,
          "duration" : 13
        }
      }, {
        "uid" : "32966e2798772e73",
        "reportUrl" : "https://apetrovskiy.github.io/testLP/40//#testresult/32966e2798772e73",
        "status" : "failed",
        "statusDetails" : "Exception has been thrown by the target of an invocation. -> unknown error: Chrome failed to start: exited abnormally.\n  (unknown error: DevToolsActivePort file doesn't exist)\n  (The process started from chrome location /usr/bin/google-chrome is no longer running, so ChromeDriver is assuming that Chrome has crashed.)",
        "time" : {
          "start" : 1690831208068,
          "stop" : 1690831208069,
          "duration" : 1
        }
      }, {
        "uid" : "b2036374c48c507f",
        "reportUrl" : "https://apetrovskiy.github.io/testLP/39//#testresult/b2036374c48c507f",
        "status" : "failed",
        "statusDetails" : "Exception has been thrown by the target of an invocation. -> unknown error: Chrome failed to start: exited abnormally.\n  (unknown error: DevToolsActivePort file doesn't exist)\n  (The process started from chrome location /usr/bin/google-chrome is no longer running, so ChromeDriver is assuming that Chrome has crashed.)",
        "time" : {
          "start" : 1690822501357,
          "stop" : 1690822501359,
          "duration" : 2
        }
      }, {
        "uid" : "6a811f91b66e8dae",
        "reportUrl" : "https://apetrovskiy.github.io/testLP/38//#testresult/6a811f91b66e8dae",
        "status" : "failed",
        "statusDetails" : "Exception has been thrown by the target of an invocation. -> unknown error: Chrome failed to start: exited abnormally.\n  (unknown error: DevToolsActivePort file doesn't exist)\n  (The process started from chrome location /usr/bin/google-chrome is no longer running, so ChromeDriver is assuming that Chrome has crashed.)",
        "time" : {
          "start" : 1690821686696,
          "stop" : 1690821686697,
          "duration" : 1
        }
      }, {
        "uid" : "f7f4f9cf8b4362fa",
        "reportUrl" : "https://apetrovskiy.github.io/testLP/37//#testresult/f7f4f9cf8b4362fa",
        "status" : "failed",
        "statusDetails" : "Exception has been thrown by the target of an invocation. -> unknown error: Chrome failed to start: exited abnormally.\n  (unknown error: DevToolsActivePort file doesn't exist)\n  (The process started from chrome location /usr/bin/google-chrome is no longer running, so ChromeDriver is assuming that Chrome has crashed.)",
        "time" : {
          "start" : 1690821027408,
          "stop" : 1690821027409,
          "duration" : 1
        }
      }, {
        "uid" : "bcc4660bf2f9a17f",
        "reportUrl" : "https://apetrovskiy.github.io/testLP/36//#testresult/bcc4660bf2f9a17f",
        "status" : "failed",
        "statusDetails" : "Exception has been thrown by the target of an invocation. -> unknown error: Chrome failed to start: exited abnormally.\n  (unknown error: DevToolsActivePort file doesn't exist)\n  (The process started from chrome location /usr/bin/google-chrome is no longer running, so ChromeDriver is assuming that Chrome has crashed.)",
        "time" : {
          "start" : 1690819307104,
          "stop" : 1690819307105,
          "duration" : 1
        }
      }, {
        "uid" : "af67ce3a6603a54",
        "reportUrl" : "https://apetrovskiy.github.io/testLP/35//#testresult/af67ce3a6603a54",
        "status" : "passed",
        "time" : {
          "start" : 1690804719138,
          "stop" : 1690804719139,
          "duration" : 1
        }
      }, {
        "uid" : "f56480bbcb46cce9",
        "reportUrl" : "https://apetrovskiy.github.io/testLP/34//#testresult/f56480bbcb46cce9",
        "status" : "failed",
        "statusDetails" : "Connection refused (localhost:5001) -> Connection refused",
        "time" : {
          "start" : 1690799105609,
          "stop" : 1690799105612,
          "duration" : 3
        }
      }, {
        "uid" : "879e113ae502f061",
        "reportUrl" : "https://apetrovskiy.github.io/testLP/33//#testresult/879e113ae502f061",
        "status" : "failed",
        "statusDetails" : "Connection refused (localhost:5001) -> Connection refused",
        "time" : {
          "start" : 1690718256886,
          "stop" : 1690718256891,
          "duration" : 5
        }
      }, {
        "uid" : "17f92ebc128fc15f",
        "reportUrl" : "https://apetrovskiy.github.io/testLP/32//#testresult/17f92ebc128fc15f",
        "status" : "failed",
        "statusDetails" : "Connection refused (localhost:5001) -> Connection refused",
        "time" : {
          "start" : 1690716936320,
          "stop" : 1690716936324,
          "duration" : 4
        }
      }, {
        "uid" : "ff30efba0c2a5490",
        "reportUrl" : "https://apetrovskiy.github.io/testLP/31//#testresult/ff30efba0c2a5490",
        "status" : "failed",
        "statusDetails" : "Connection refused (localhost:5001) -> Connection refused",
        "time" : {
          "start" : 1690716884390,
          "stop" : 1690716884395,
          "duration" : 5
        }
      }, {
        "uid" : "b2b8324d6b4dd576",
        "reportUrl" : "https://apetrovskiy.github.io/testLP/28//#testresult/b2b8324d6b4dd576",
        "status" : "failed",
        "statusDetails" : "Connection refused (localhost:5001) -> Connection refused",
        "time" : {
          "start" : 1690716055926,
          "stop" : 1690716055930,
          "duration" : 4
        }
      }, {
        "uid" : "f09954b866076adf",
        "reportUrl" : "https://apetrovskiy.github.io/testLP/26//#testresult/f09954b866076adf",
        "status" : "failed",
        "statusDetails" : "Connection refused (localhost:5001) -> Connection refused",
        "time" : {
          "start" : 1690714979353,
          "stop" : 1690714979359,
          "duration" : 6
        }
      }, {
        "uid" : "ca9daf55d0304213",
        "reportUrl" : "https://apetrovskiy.github.io/testLP/27//#testresult/ca9daf55d0304213",
        "status" : "failed",
        "statusDetails" : "Connection refused (localhost:5001) -> Connection refused",
        "time" : {
          "start" : 1690714947855,
          "stop" : 1690714947860,
          "duration" : 5
        }
      }, {
        "uid" : "9fd0cc1abcdc8015",
        "reportUrl" : "https://apetrovskiy.github.io/testLP/25//#testresult/9fd0cc1abcdc8015",
        "status" : "failed",
        "statusDetails" : "Connection refused (localhost:5001) -> Connection refused",
        "time" : {
          "start" : 1690713693573,
          "stop" : 1690713693579,
          "duration" : 6
        }
      }, {
        "uid" : "2bcb8f4bf1ec319f",
        "reportUrl" : "https://apetrovskiy.github.io/testLP/24//#testresult/2bcb8f4bf1ec319f",
        "status" : "failed",
        "statusDetails" : "Connection refused (localhost:5001) -> Connection refused",
        "time" : {
          "start" : 1690713688098,
          "stop" : 1690713688102,
          "duration" : 4
        }
      }, {
        "uid" : "ce48e69af2b509c1",
        "reportUrl" : "https://apetrovskiy.github.io/testLP/23//#testresult/ce48e69af2b509c1",
        "status" : "failed",
        "statusDetails" : "Connection refused (localhost:5001) -> Connection refused",
        "time" : {
          "start" : 1690713224769,
          "stop" : 1690713224773,
          "duration" : 4
        }
      }, {
        "uid" : "7ff53faacbd2a5c3",
        "reportUrl" : "https://apetrovskiy.github.io/testLP/21//#testresult/7ff53faacbd2a5c3",
        "status" : "failed",
        "statusDetails" : "Connection refused (localhost:5001) -> Connection refused",
        "time" : {
          "start" : 1690712668046,
          "stop" : 1690712668050,
          "duration" : 4
        }
      }, {
        "uid" : "5e16a0856900dd16",
        "reportUrl" : "https://apetrovskiy.github.io/testLP/20//#testresult/5e16a0856900dd16",
        "status" : "failed",
        "statusDetails" : "Connection refused (localhost:5001) -> Connection refused",
        "time" : {
          "start" : 1690712636270,
          "stop" : 1690712636274,
          "duration" : 4
        }
      }, {
        "uid" : "bf122ecdedcbb62f",
        "reportUrl" : "https://apetrovskiy.github.io/testLP/19//#testresult/bf122ecdedcbb62f",
        "status" : "failed",
        "statusDetails" : "Connection refused (localhost:5001) -> Connection refused",
        "time" : {
          "start" : 1690711612901,
          "stop" : 1690711612905,
          "duration" : 4
        }
      } ]
    },
    "tags" : [ ]
  },
  "source" : "ada98de2ca965ec0.json",
  "parameterValues" : [ ]
}