{
  "uid" : "402f7024d918f65d",
  "name" : "Add two numbers",
  "fullName" : "Add two numbers",
  "historyId" : "Add two numbers",
  "time" : {
    "start" : 1691571906690,
    "stop" : 1691571908282,
    "duration" : 1592
  },
  "status" : "failed",
  "statusMessage" : "no such element: Unable to locate element: {\"method\":\"css selector\",\"selector\":\"#first\\-number\"}\n  (Session info: headless chrome=115.0.5790.170); For documentation on this error, please visit: https://www.selenium.dev/documentation/webdriver/troubleshooting/errors#no-such-element-exception",
  "statusTrace" : "OpenQA.Selenium.NoSuchElementException: no such element: Unable to locate element: {\"method\":\"css selector\",\"selector\":\"#first\\-number\"}\n  (Session info: headless chrome=115.0.5790.170); For documentation on this error, please visit: https://www.selenium.dev/documentation/webdriver/troubleshooting/errors#no-such-element-exception\n   at OpenQA.Selenium.WebDriver.UnpackAndThrowOnError(Response errorResponse, String commandToExecute)\n   at OpenQA.Selenium.WebDriver.Execute(String driverCommandToExecute, Dictionary`2 parameters)\n   at OpenQA.Selenium.WebDriver.FindElement(String mechanism, String value)\n   at OpenQA.Selenium.By.<.ctor>b__11_0(ISearchContext context)\n   at OpenQA.Selenium.By.FindElement(ISearchContext context)\n   at OpenQA.Selenium.WebDriver.FindElement(By by)\n   at LP.Core.Pages.CalculatorPageObject.get_FirstNumberElement() in /home/runner/work/testLP/testLP/src/LP.Core/Pages/CalculatorPageObject.cs:line 31\n   at LP.Core.Pages.CalculatorPageObject.EnterFirstNumber(String number) in /home/runner/work/testLP/testLP/src/LP.Core/Pages/CalculatorPageObject.cs:line 44\n   at LP.Tests.Steps.CalculatorStepDefinitions.GivenTheFirstNumberIs(Int32 number) in /home/runner/work/testLP/testLP/src/LP.Tests/Steps/CalculatorStepDefinitions.cs:line 27\n   at System.RuntimeMethodHandle.InvokeMethod(Object target, Void** arguments, Signature sig, Boolean isConstructor)\n   at System.Reflection.MethodInvoker.Invoke(Object obj, IntPtr* args, BindingFlags invokeAttr)\n   at TechTalk.SpecFlow.Bindings.BindingInvoker.InvokeBinding(IBinding binding, IContextManager contextManager, Object[] arguments, ITestTracer testTracer, TimeSpan& duration)\n   at Allure.SpecFlowPlugin.AllureBindingInvoker.InvokeBinding(IBinding binding, IContextManager contextManager, Object[] arguments, ITestTracer testTracer, TimeSpan& duration)\n   at TechTalk.SpecFlow.Infrastructure.TestExecutionEngine.ExecuteStepMatch(BindingMatch match, Object[] arguments, TimeSpan& duration)\n   at TechTalk.SpecFlow.Infrastructure.TestExecutionEngine.ExecuteStep(IContextManager contextManager, StepInstance stepInstance)",
  "flaky" : false,
  "newFailed" : false,
  "beforeStages" : [ {
    "name" : "SetupTestUsers [10000]",
    "time" : {
      "start" : 1691571906676,
      "stop" : 1691571906676,
      "duration" : 0
    },
    "status" : "passed",
    "steps" : [ ],
    "attachments" : [ ],
    "parameters" : [ ],
    "stepsCount" : 0,
    "attachmentsCount" : 0,
    "shouldDisplayMessage" : false,
    "hasContent" : false
  }, {
    "name" : "SetupTestUsers [10000]",
    "time" : {
      "start" : 1691571906677,
      "stop" : 1691571906677,
      "duration" : 0
    },
    "status" : "passed",
    "steps" : [ ],
    "attachments" : [ ],
    "parameters" : [ ],
    "stepsCount" : 0,
    "attachmentsCount" : 0,
    "shouldDisplayMessage" : false,
    "hasContent" : false
  }, {
    "name" : "SetupStuffForFeatures [10000]",
    "time" : {
      "start" : 1691571906664,
      "stop" : 1691571906665,
      "duration" : 1
    },
    "status" : "passed",
    "steps" : [ ],
    "attachments" : [ ],
    "parameters" : [ ],
    "stepsCount" : 0,
    "attachmentsCount" : 0,
    "shouldDisplayMessage" : false,
    "hasContent" : false
  } ],
  "testStage" : {
    "status" : "failed",
    "statusMessage" : "no such element: Unable to locate element: {\"method\":\"css selector\",\"selector\":\"#first\\-number\"}\n  (Session info: headless chrome=115.0.5790.170); For documentation on this error, please visit: https://www.selenium.dev/documentation/webdriver/troubleshooting/errors#no-such-element-exception",
    "statusTrace" : "OpenQA.Selenium.NoSuchElementException: no such element: Unable to locate element: {\"method\":\"css selector\",\"selector\":\"#first\\-number\"}\n  (Session info: headless chrome=115.0.5790.170); For documentation on this error, please visit: https://www.selenium.dev/documentation/webdriver/troubleshooting/errors#no-such-element-exception\n   at OpenQA.Selenium.WebDriver.UnpackAndThrowOnError(Response errorResponse, String commandToExecute)\n   at OpenQA.Selenium.WebDriver.Execute(String driverCommandToExecute, Dictionary`2 parameters)\n   at OpenQA.Selenium.WebDriver.FindElement(String mechanism, String value)\n   at OpenQA.Selenium.By.<.ctor>b__11_0(ISearchContext context)\n   at OpenQA.Selenium.By.FindElement(ISearchContext context)\n   at OpenQA.Selenium.WebDriver.FindElement(By by)\n   at LP.Core.Pages.CalculatorPageObject.get_FirstNumberElement() in /home/runner/work/testLP/testLP/src/LP.Core/Pages/CalculatorPageObject.cs:line 31\n   at LP.Core.Pages.CalculatorPageObject.EnterFirstNumber(String number) in /home/runner/work/testLP/testLP/src/LP.Core/Pages/CalculatorPageObject.cs:line 44\n   at LP.Tests.Steps.CalculatorStepDefinitions.GivenTheFirstNumberIs(Int32 number) in /home/runner/work/testLP/testLP/src/LP.Tests/Steps/CalculatorStepDefinitions.cs:line 27\n   at System.RuntimeMethodHandle.InvokeMethod(Object target, Void** arguments, Signature sig, Boolean isConstructor)\n   at System.Reflection.MethodInvoker.Invoke(Object obj, IntPtr* args, BindingFlags invokeAttr)\n   at TechTalk.SpecFlow.Bindings.BindingInvoker.InvokeBinding(IBinding binding, IContextManager contextManager, Object[] arguments, ITestTracer testTracer, TimeSpan& duration)\n   at Allure.SpecFlowPlugin.AllureBindingInvoker.InvokeBinding(IBinding binding, IContextManager contextManager, Object[] arguments, ITestTracer testTracer, TimeSpan& duration)\n   at TechTalk.SpecFlow.Infrastructure.TestExecutionEngine.ExecuteStepMatch(BindingMatch match, Object[] arguments, TimeSpan& duration)\n   at TechTalk.SpecFlow.Infrastructure.TestExecutionEngine.ExecuteStep(IContextManager contextManager, StepInstance stepInstance)",
    "steps" : [ {
      "name" : "Given  the first number is 50",
      "time" : {
        "start" : 1691571906701,
        "stop" : 1691571908255,
        "duration" : 1554
      },
      "status" : "failed",
      "steps" : [ ],
      "attachments" : [ ],
      "parameters" : [ ],
      "stepsCount" : 0,
      "attachmentsCount" : 0,
      "shouldDisplayMessage" : false,
      "hasContent" : false
    }, {
      "name" : "And  the second number is 70",
      "time" : {
        "start" : 1691571908265,
        "stop" : 1691571908266,
        "duration" : 1
      },
      "status" : "skipped",
      "steps" : [ ],
      "attachments" : [ ],
      "parameters" : [ ],
      "stepsCount" : 0,
      "attachmentsCount" : 0,
      "shouldDisplayMessage" : false,
      "hasContent" : false
    }, {
      "name" : "When  the two numbers are added",
      "time" : {
        "start" : 1691571908268,
        "stop" : 1691571908268,
        "duration" : 0
      },
      "status" : "skipped",
      "steps" : [ ],
      "attachments" : [ ],
      "parameters" : [ ],
      "stepsCount" : 0,
      "attachmentsCount" : 0,
      "shouldDisplayMessage" : false,
      "hasContent" : false
    }, {
      "name" : "Then  the result should be 120",
      "time" : {
        "start" : 1691571908269,
        "stop" : 1691571908269,
        "duration" : 0
      },
      "status" : "skipped",
      "steps" : [ ],
      "attachments" : [ ],
      "parameters" : [ ],
      "stepsCount" : 0,
      "attachmentsCount" : 0,
      "shouldDisplayMessage" : false,
      "hasContent" : false
    } ],
    "attachments" : [ ],
    "parameters" : [ ],
    "stepsCount" : 4,
    "attachmentsCount" : 0,
    "shouldDisplayMessage" : true,
    "hasContent" : true
  },
  "afterStages" : [ ],
  "labels" : [ {
    "name" : "thread",
    "value" : "NonParallelWorker"
  }, {
    "name" : "host",
    "value" : "fv-az1242-848"
  }, {
    "name" : "feature",
    "value" : "Calculator API"
  }, {
    "name" : "tag",
    "value" : "Add"
  }, {
    "name" : "resultFormat",
    "value" : "allure2"
  } ],
  "parameters" : [ ],
  "links" : [ ],
  "hidden" : true,
  "retry" : true,
  "extra" : {
    "categories" : [ ],
    "tags" : [ "Add" ]
  },
  "source" : "402f7024d918f65d.json",
  "parameterValues" : [ ]
}