{"uid":"5f849782bbc9c181","name":"Add two numbers permutations","fullName":"Add two numbers permutations","historyId":"Add two numbers permutations-761910667","time":{"start":1691571908479,"stop":1691571908489,"duration":10},"status":"failed","statusMessage":"no such element: Unable to locate element: {\"method\":\"css selector\",\"selector\":\"#first\\-number\"}\n  (Session info: headless chrome=115.0.5790.170); For documentation on this error, please visit: https://www.selenium.dev/documentation/webdriver/troubleshooting/errors#no-such-element-exception","statusTrace":"OpenQA.Selenium.NoSuchElementException: no such element: Unable to locate element: {\"method\":\"css selector\",\"selector\":\"#first\\-number\"}\n  (Session info: headless chrome=115.0.5790.170); For documentation on this error, please visit: https://www.selenium.dev/documentation/webdriver/troubleshooting/errors#no-such-element-exception\n   at OpenQA.Selenium.WebDriver.UnpackAndThrowOnError(Response errorResponse, String commandToExecute)\n   at OpenQA.Selenium.WebDriver.Execute(String driverCommandToExecute, Dictionary`2 parameters)\n   at OpenQA.Selenium.WebDriver.FindElement(String mechanism, String value)\n   at OpenQA.Selenium.By.<.ctor>b__11_0(ISearchContext context)\n   at OpenQA.Selenium.By.FindElement(ISearchContext context)\n   at OpenQA.Selenium.WebDriver.FindElement(By by)\n   at LP.Core.Pages.CalculatorPageObject.get_FirstNumberElement() in /home/runner/work/testLP/testLP/src/LP.Core/Pages/CalculatorPageObject.cs:line 31\n   at LP.Core.Pages.CalculatorPageObject.EnterFirstNumber(String number) in /home/runner/work/testLP/testLP/src/LP.Core/Pages/CalculatorPageObject.cs:line 44\n   at LP.Tests.Steps.CalculatorStepDefinitions.GivenTheFirstNumberIs(Int32 number) in /home/runner/work/testLP/testLP/src/LP.Tests/Steps/CalculatorStepDefinitions.cs:line 27\n   at InvokeStub_Action`2.Invoke(Object, Object, IntPtr*)\n   at System.Reflection.MethodInvoker.Invoke(Object obj, IntPtr* args, BindingFlags invokeAttr)\n   at TechTalk.SpecFlow.Bindings.BindingInvoker.InvokeBinding(IBinding binding, IContextManager contextManager, Object[] arguments, ITestTracer testTracer, TimeSpan& duration)\n   at Allure.SpecFlowPlugin.AllureBindingInvoker.InvokeBinding(IBinding binding, IContextManager contextManager, Object[] arguments, ITestTracer testTracer, TimeSpan& duration)\n   at TechTalk.SpecFlow.Infrastructure.TestExecutionEngine.ExecuteStepMatch(BindingMatch match, Object[] arguments, TimeSpan& duration)\n   at TechTalk.SpecFlow.Infrastructure.TestExecutionEngine.ExecuteStep(IContextManager contextManager, StepInstance stepInstance)","flaky":false,"newFailed":false,"newBroken":false,"newPassed":false,"retriesCount":0,"retriesStatusChange":false,"beforeStages":[{"name":"SetupStuffForFeatures [10000]","time":{"start":1691571908456,"stop":1691571908456,"duration":0},"status":"passed","steps":[],"attachments":[],"parameters":[],"stepsCount":0,"attachmentsCount":0,"shouldDisplayMessage":false,"hasContent":false},{"name":"SetupTestUsers [10000]","time":{"start":1691571908479,"stop":1691571908479,"duration":0},"status":"passed","steps":[],"attachments":[],"parameters":[],"stepsCount":0,"attachmentsCount":0,"shouldDisplayMessage":false,"hasContent":false},{"name":"SetupTestUsers [10000]","time":{"start":1691571908479,"stop":1691571908479,"duration":0},"status":"passed","steps":[],"attachments":[],"parameters":[],"stepsCount":0,"attachmentsCount":0,"shouldDisplayMessage":false,"hasContent":false}],"testStage":{"status":"failed","statusMessage":"no such element: Unable to locate element: {\"method\":\"css selector\",\"selector\":\"#first\\-number\"}\n  (Session info: headless chrome=115.0.5790.170); For documentation on this error, please visit: https://www.selenium.dev/documentation/webdriver/troubleshooting/errors#no-such-element-exception","statusTrace":"OpenQA.Selenium.NoSuchElementException: no such element: Unable to locate element: {\"method\":\"css selector\",\"selector\":\"#first\\-number\"}\n  (Session info: headless chrome=115.0.5790.170); For documentation on this error, please visit: https://www.selenium.dev/documentation/webdriver/troubleshooting/errors#no-such-element-exception\n   at OpenQA.Selenium.WebDriver.UnpackAndThrowOnError(Response errorResponse, String commandToExecute)\n   at OpenQA.Selenium.WebDriver.Execute(String driverCommandToExecute, Dictionary`2 parameters)\n   at OpenQA.Selenium.WebDriver.FindElement(String mechanism, String value)\n   at OpenQA.Selenium.By.<.ctor>b__11_0(ISearchContext context)\n   at OpenQA.Selenium.By.FindElement(ISearchContext context)\n   at OpenQA.Selenium.WebDriver.FindElement(By by)\n   at LP.Core.Pages.CalculatorPageObject.get_FirstNumberElement() in /home/runner/work/testLP/testLP/src/LP.Core/Pages/CalculatorPageObject.cs:line 31\n   at LP.Core.Pages.CalculatorPageObject.EnterFirstNumber(String number) in /home/runner/work/testLP/testLP/src/LP.Core/Pages/CalculatorPageObject.cs:line 44\n   at LP.Tests.Steps.CalculatorStepDefinitions.GivenTheFirstNumberIs(Int32 number) in /home/runner/work/testLP/testLP/src/LP.Tests/Steps/CalculatorStepDefinitions.cs:line 27\n   at InvokeStub_Action`2.Invoke(Object, Object, IntPtr*)\n   at System.Reflection.MethodInvoker.Invoke(Object obj, IntPtr* args, BindingFlags invokeAttr)\n   at TechTalk.SpecFlow.Bindings.BindingInvoker.InvokeBinding(IBinding binding, IContextManager contextManager, Object[] arguments, ITestTracer testTracer, TimeSpan& duration)\n   at Allure.SpecFlowPlugin.AllureBindingInvoker.InvokeBinding(IBinding binding, IContextManager contextManager, Object[] arguments, ITestTracer testTracer, TimeSpan& duration)\n   at TechTalk.SpecFlow.Infrastructure.TestExecutionEngine.ExecuteStepMatch(BindingMatch match, Object[] arguments, TimeSpan& duration)\n   at TechTalk.SpecFlow.Infrastructure.TestExecutionEngine.ExecuteStep(IContextManager contextManager, StepInstance stepInstance)","steps":[{"name":"Given  the first number is -1","time":{"start":1691571908479,"stop":1691571908489,"duration":10},"status":"failed","steps":[],"attachments":[],"parameters":[],"stepsCount":0,"attachmentsCount":0,"shouldDisplayMessage":false,"hasContent":false},{"name":"And  the second number is 10","time":{"start":1691571908489,"stop":1691571908489,"duration":0},"status":"skipped","steps":[],"attachments":[],"parameters":[],"stepsCount":0,"attachmentsCount":0,"shouldDisplayMessage":false,"hasContent":false},{"name":"When  the two numbers are added","time":{"start":1691571908489,"stop":1691571908489,"duration":0},"status":"skipped","steps":[],"attachments":[],"parameters":[],"stepsCount":0,"attachmentsCount":0,"shouldDisplayMessage":false,"hasContent":false},{"name":"Then  the result should be 9","time":{"start":1691571908489,"stop":1691571908489,"duration":0},"status":"skipped","steps":[],"attachments":[],"parameters":[],"stepsCount":0,"attachmentsCount":0,"shouldDisplayMessage":false,"hasContent":false}],"attachments":[],"parameters":[],"stepsCount":4,"attachmentsCount":0,"shouldDisplayMessage":true,"hasContent":true},"afterStages":[],"labels":[{"name":"thread","value":"NonParallelWorker"},{"name":"host","value":"fv-az1242-848"},{"name":"feature","value":"calculator"},{"name":"resultFormat","value":"allure2"}],"parameters":[{"name":"Expected result","value":"9"},{"name":"First number","value":"-1"},{"name":"Second number","value":"10"}],"links":[],"hidden":false,"retry":false,"extra":{"severity":"normal","retries":[],"categories":[{"name":"Product defects","matchedStatuses":[],"flaky":false}],"tags":[]},"source":"5f849782bbc9c181.json","parameterValues":["9","-1","10"]}